<?xml version="1.0" encoding="UTF-8"?>
<testng-results ignored="0" total="6" passed="4" failed="2" skipped="0">
  <reporter-output>
    <line>
      <![CDATA[Test Case Passed : fd_10000]]>
    </line>
    <line>
      <![CDATA[Test Case Passed : fd_40000]]>
    </line>
    <line>
      <![CDATA[Test Case Passed : addOperation]]>
    </line>
    <line>
      <![CDATA[Test Case Passed : subOperation]]>
    </line>
  </reporter-output>
  <suite started-at="2021-07-17T10:17:32 IST" name="Smoke" finished-at="2021-07-17T10:18:59 IST" duration-ms="87182">
    <groups>
      <group name="Calculator_Test">
        <method signature="Calculator_Test.addOperation()[pri:0, instance:com.selenium.pageobject_test.Calculator_Test@ba54932]" name="addOperation" class="com.selenium.pageobject_test.Calculator_Test"/>
        <method signature="Calculator_Test.divOperation()[pri:2, instance:com.selenium.pageobject_test.Calculator_Test@ba54932]" name="divOperation" class="com.selenium.pageobject_test.Calculator_Test"/>
        <method signature="Calculator_Test.mulOperation()[pri:3, instance:com.selenium.pageobject_test.Calculator_Test@ba54932]" name="mulOperation" class="com.selenium.pageobject_test.Calculator_Test"/>
        <method signature="Calculator_Test.subOperation()[pri:1, instance:com.selenium.pageobject_test.Calculator_Test@ba54932]" name="subOperation" class="com.selenium.pageobject_test.Calculator_Test"/>
      </group> <!-- Calculator_Test -->
      <group name="Fixed Deposit">
        <method signature="FixedDeposit_Test.fd_10000()[pri:0, instance:com.selenium.pageobject_test.FixedDeposit_Test@4e3958e7]" name="fd_10000" class="com.selenium.pageobject_test.FixedDeposit_Test"/>
        <method signature="FixedDeposit_Test.fd_40000()[pri:1, instance:com.selenium.pageobject_test.FixedDeposit_Test@4e3958e7]" name="fd_40000" class="com.selenium.pageobject_test.FixedDeposit_Test"/>
      </group> <!-- Fixed Deposit -->
    </groups>
    <test started-at="2021-07-17T10:17:32 IST" name="Fixed Deposit" finished-at="2021-07-17T10:17:56 IST" duration-ms="23194">
      <class name="com.selenium.pageobject_test.FixedDeposit_Test">
        <test-method is-config="true" signature="preCondition()[pri:0, instance:com.selenium.pageobject_test.FixedDeposit_Test@4e3958e7]" started-at="2021-07-17T10:17:32 IST" name="preCondition" finished-at="2021-07-17T10:17:37 IST" duration-ms="4990" status="PASS">
          <reporter-output>
          </reporter-output>
        </test-method> <!-- preCondition -->
        <test-method signature="fd_10000()[pri:0, instance:com.selenium.pageobject_test.FixedDeposit_Test@4e3958e7]" started-at="2021-07-17T10:17:37 IST" name="fd_10000" description="Test case to verify fixed deposit for &#039;100000&#039;" finished-at="2021-07-17T10:17:47 IST" duration-ms="9479" status="PASS">
          <reporter-output>
            <line>
              <![CDATA[Test Case Passed : fd_10000]]>
            </line>
          </reporter-output>
        </test-method> <!-- fd_10000 -->
        <test-method signature="fd_40000()[pri:1, instance:com.selenium.pageobject_test.FixedDeposit_Test@4e3958e7]" started-at="2021-07-17T10:17:47 IST" name="fd_40000" description="Test case to verify fixed deposit for &#039;400000&#039;" finished-at="2021-07-17T10:17:54 IST" duration-ms="6500" status="PASS">
          <reporter-output>
            <line>
              <![CDATA[Test Case Passed : fd_40000]]>
            </line>
          </reporter-output>
        </test-method> <!-- fd_40000 -->
        <test-method is-config="true" signature="postCondition()[pri:0, instance:com.selenium.pageobject_test.FixedDeposit_Test@4e3958e7]" started-at="2021-07-17T10:17:54 IST" name="postCondition" finished-at="2021-07-17T10:17:56 IST" duration-ms="1118" status="PASS">
          <reporter-output>
          </reporter-output>
        </test-method> <!-- postCondition -->
      </class> <!-- com.selenium.pageobject_test.FixedDeposit_Test -->
    </test> <!-- Fixed Deposit -->
    <test started-at="2021-07-17T10:17:56 IST" name="Calculator" finished-at="2021-07-17T10:18:59 IST" duration-ms="63930">
      <class name="com.selenium.pageobject_test.Calculator_Test">
        <test-method is-config="true" signature="preCondition()[pri:0, instance:com.selenium.pageobject_test.Calculator_Test@ba54932]" started-at="2021-07-17T10:17:56 IST" name="preCondition" finished-at="2021-07-17T10:17:58 IST" duration-ms="2034" status="PASS">
          <reporter-output>
          </reporter-output>
        </test-method> <!-- preCondition -->
        <test-method signature="addOperation()[pri:0, instance:com.selenium.pageobject_test.Calculator_Test@ba54932]" started-at="2021-07-17T10:17:58 IST" name="addOperation" description="verify addition operation" finished-at="2021-07-17T10:18:02 IST" duration-ms="4820" status="PASS">
          <reporter-output>
            <line>
              <![CDATA[Test Case Passed : addOperation]]>
            </line>
          </reporter-output>
        </test-method> <!-- addOperation -->
        <test-method signature="subOperation()[pri:1, instance:com.selenium.pageobject_test.Calculator_Test@ba54932]" started-at="2021-07-17T10:18:03 IST" name="subOperation" description="verify subtraction operation" finished-at="2021-07-17T10:18:06 IST" duration-ms="3567" status="PASS">
          <reporter-output>
            <line>
              <![CDATA[Test Case Passed : subOperation]]>
            </line>
          </reporter-output>
        </test-method> <!-- subOperation -->
        <test-method signature="divOperation()[pri:2, instance:com.selenium.pageobject_test.Calculator_Test@ba54932]" started-at="2021-07-17T10:18:06 IST" name="divOperation" description="verify division operation" finished-at="2021-07-17T10:18:22 IST" duration-ms="15661" status="FAIL">
          <exception class="org.openqa.selenium.WebDriverException">
            <message>
              <![CDATA[chrome not reachable
  (Session info: chrome=91.0.4472.124)
Build info: version: '3.141.59', revision: 'e82be7d358', time: '2018-11-14T08:17:03'
System info: host: 'SAKSOFT099PDC', ip: '192.168.0.103', os.name: 'Windows 10', os.arch: 'amd64', os.version: '10.0', java.version: '11.0.7'
Driver info: org.openqa.selenium.chrome.ChromeDriver
Capabilities {acceptInsecureCerts: false, browserName: chrome, browserVersion: 91.0.4472.124, chrome: {chromedriverVersion: 91.0.4472.101 (af52a90bf870..., userDataDir: C:\Users\SAKSOF~1\AppData\L...}, goog:chromeOptions: {debuggerAddress: localhost:65306}, javascriptEnabled: true, networkConnectionEnabled: false, pageLoadStrategy: normal, platform: WINDOWS, platformName: WINDOWS, proxy: Proxy(), setWindowRect: true, strictFileInteractability: false, timeouts: {implicit: 0, pageLoad: 300000, script: 30000}, unhandledPromptBehavior: dismiss and notify, webauthn:extension:largeBlob: true, webauthn:virtualAuthenticators: true}
Session ID: 6f1328ad3afd0c68f33c060ebefeb7cc
*** Element info: {Using=css selector, value=h2.ng-binding}]]>
            </message>
            <full-stacktrace>
              <![CDATA[org.openqa.selenium.WebDriverException: chrome not reachable
  (Session info: chrome=91.0.4472.124)
Build info: version: '3.141.59', revision: 'e82be7d358', time: '2018-11-14T08:17:03'
System info: host: 'SAKSOFT099PDC', ip: '192.168.0.103', os.name: 'Windows 10', os.arch: 'amd64', os.version: '10.0', java.version: '11.0.7'
Driver info: org.openqa.selenium.chrome.ChromeDriver
Capabilities {acceptInsecureCerts: false, browserName: chrome, browserVersion: 91.0.4472.124, chrome: {chromedriverVersion: 91.0.4472.101 (af52a90bf870..., userDataDir: C:\Users\SAKSOF~1\AppData\L...}, goog:chromeOptions: {debuggerAddress: localhost:65306}, javascriptEnabled: true, networkConnectionEnabled: false, pageLoadStrategy: normal, platform: WINDOWS, platformName: WINDOWS, proxy: Proxy(), setWindowRect: true, strictFileInteractability: false, timeouts: {implicit: 0, pageLoad: 300000, script: 30000}, unhandledPromptBehavior: dismiss and notify, webauthn:extension:largeBlob: true, webauthn:virtualAuthenticators: true}
Session ID: 6f1328ad3afd0c68f33c060ebefeb7cc
*** Element info: {Using=css selector, value=h2.ng-binding}
at java.base/jdk.internal.reflect.NativeConstructorAccessorImpl.newInstance0(Native Method)
at java.base/jdk.internal.reflect.NativeConstructorAccessorImpl.newInstance(NativeConstructorAccessorImpl.java:62)
at java.base/jdk.internal.reflect.DelegatingConstructorAccessorImpl.newInstance(DelegatingConstructorAccessorImpl.java:45)
at java.base/java.lang.reflect.Constructor.newInstance(Constructor.java:490)
at org.openqa.selenium.remote.http.W3CHttpResponseCodec.createException(W3CHttpResponseCodec.java:187)
at org.openqa.selenium.remote.http.W3CHttpResponseCodec.decode(W3CHttpResponseCodec.java:122)
at org.openqa.selenium.remote.http.W3CHttpResponseCodec.decode(W3CHttpResponseCodec.java:49)
at org.openqa.selenium.remote.HttpCommandExecutor.execute(HttpCommandExecutor.java:158)
at org.openqa.selenium.remote.service.DriverCommandExecutor.execute(DriverCommandExecutor.java:83)
at org.openqa.selenium.remote.RemoteWebDriver.execute(RemoteWebDriver.java:552)
at org.openqa.selenium.remote.RemoteWebDriver.findElement(RemoteWebDriver.java:323)
at org.openqa.selenium.remote.RemoteWebDriver.findElementByCssSelector(RemoteWebDriver.java:420)
at org.openqa.selenium.By$ByCssSelector.findElement(By.java:431)
at org.openqa.selenium.remote.RemoteWebDriver.findElement(RemoteWebDriver.java:315)
at org.openqa.selenium.support.pagefactory.DefaultElementLocator.findElement(DefaultElementLocator.java:69)
at org.openqa.selenium.support.pagefactory.internal.LocatingElementHandler.invoke(LocatingElementHandler.java:38)
at com.sun.proxy.$Proxy9.getText(Unknown Source)
at com.selenium.pageobject.TestBase.verifyText(TestBase.java:82)
at com.selenium.pageobject_test.Calculator_Test.divOperation(Calculator_Test.java:72)
at java.base/jdk.internal.reflect.NativeMethodAccessorImpl.invoke0(Native Method)
at java.base/jdk.internal.reflect.NativeMethodAccessorImpl.invoke(NativeMethodAccessorImpl.java:62)
at java.base/jdk.internal.reflect.DelegatingMethodAccessorImpl.invoke(DelegatingMethodAccessorImpl.java:43)
at java.base/java.lang.reflect.Method.invoke(Method.java:566)
at org.testng.internal.MethodInvocationHelper.invokeMethod(MethodInvocationHelper.java:133)
at org.testng.internal.TestInvoker.invokeMethod(TestInvoker.java:598)
at org.testng.internal.TestInvoker.invokeTestMethod(TestInvoker.java:173)
at org.testng.internal.MethodRunner.runInSequence(MethodRunner.java:46)
at org.testng.internal.TestInvoker$MethodInvocationAgent.invoke(TestInvoker.java:824)
at org.testng.internal.TestInvoker.invokeTestMethods(TestInvoker.java:146)
at org.testng.internal.TestMethodWorker.invokeTestMethods(TestMethodWorker.java:146)
at org.testng.internal.TestMethodWorker.run(TestMethodWorker.java:128)
at java.base/java.util.ArrayList.forEach(ArrayList.java:1540)
at org.testng.TestRunner.privateRun(TestRunner.java:794)
at org.testng.TestRunner.run(TestRunner.java:596)
at org.testng.SuiteRunner.runTest(SuiteRunner.java:377)
at org.testng.SuiteRunner.runSequentially(SuiteRunner.java:371)
at org.testng.SuiteRunner.privateRun(SuiteRunner.java:332)
at org.testng.SuiteRunner.run(SuiteRunner.java:276)
at org.testng.SuiteRunnerWorker.runSuite(SuiteRunnerWorker.java:53)
at org.testng.SuiteRunnerWorker.run(SuiteRunnerWorker.java:96)
at org.testng.TestNG.runSuitesSequentially(TestNG.java:1212)
at org.testng.TestNG.runSuitesLocally(TestNG.java:1134)
at org.testng.TestNG.runSuites(TestNG.java:1063)
at org.testng.TestNG.run(TestNG.java:1031)
at org.apache.maven.surefire.testng.TestNGExecutor.run(TestNGExecutor.java:281)
at org.apache.maven.surefire.testng.TestNGXmlTestSuite.execute(TestNGXmlTestSuite.java:75)
at org.apache.maven.surefire.testng.TestNGProvider.invoke(TestNGProvider.java:121)
at org.apache.maven.surefire.booter.ForkedBooter.invokeProviderInSameClassLoader(ForkedBooter.java:290)
at org.apache.maven.surefire.booter.ForkedBooter.runSuitesInProcess(ForkedBooter.java:242)
at org.apache.maven.surefire.booter.ForkedBooter.main(ForkedBooter.java:121)
]]>
            </full-stacktrace>
          </exception> <!-- org.openqa.selenium.WebDriverException -->
          <reporter-output>
          </reporter-output>
        </test-method> <!-- divOperation -->
        <test-method signature="mulOperation()[pri:3, instance:com.selenium.pageobject_test.Calculator_Test@ba54932]" started-at="2021-07-17T10:18:34 IST" name="mulOperation" description="verify multiplication operation" finished-at="2021-07-17T10:18:47 IST" duration-ms="12215" status="FAIL">
          <exception class="org.openqa.selenium.WebDriverException">
            <message>
              <![CDATA[chrome not reachable
  (Session info: chrome=91.0.4472.124)
Build info: version: '3.141.59', revision: 'e82be7d358', time: '2018-11-14T08:17:03'
System info: host: 'SAKSOFT099PDC', ip: '192.168.0.103', os.name: 'Windows 10', os.arch: 'amd64', os.version: '10.0', java.version: '11.0.7'
Driver info: org.openqa.selenium.chrome.ChromeDriver
Capabilities {acceptInsecureCerts: false, browserName: chrome, browserVersion: 91.0.4472.124, chrome: {chromedriverVersion: 91.0.4472.101 (af52a90bf870..., userDataDir: C:\Users\SAKSOF~1\AppData\L...}, goog:chromeOptions: {debuggerAddress: localhost:65306}, javascriptEnabled: true, networkConnectionEnabled: false, pageLoadStrategy: normal, platform: WINDOWS, platformName: WINDOWS, proxy: Proxy(), setWindowRect: true, strictFileInteractability: false, timeouts: {implicit: 0, pageLoad: 300000, script: 30000}, unhandledPromptBehavior: dismiss and notify, webauthn:extension:largeBlob: true, webauthn:virtualAuthenticators: true}
Session ID: 6f1328ad3afd0c68f33c060ebefeb7cc
*** Element info: {Using=css selector, value=input[ng-model='first'}]]>
            </message>
            <full-stacktrace>
              <![CDATA[org.openqa.selenium.WebDriverException: chrome not reachable
  (Session info: chrome=91.0.4472.124)
Build info: version: '3.141.59', revision: 'e82be7d358', time: '2018-11-14T08:17:03'
System info: host: 'SAKSOFT099PDC', ip: '192.168.0.103', os.name: 'Windows 10', os.arch: 'amd64', os.version: '10.0', java.version: '11.0.7'
Driver info: org.openqa.selenium.chrome.ChromeDriver
Capabilities {acceptInsecureCerts: false, browserName: chrome, browserVersion: 91.0.4472.124, chrome: {chromedriverVersion: 91.0.4472.101 (af52a90bf870..., userDataDir: C:\Users\SAKSOF~1\AppData\L...}, goog:chromeOptions: {debuggerAddress: localhost:65306}, javascriptEnabled: true, networkConnectionEnabled: false, pageLoadStrategy: normal, platform: WINDOWS, platformName: WINDOWS, proxy: Proxy(), setWindowRect: true, strictFileInteractability: false, timeouts: {implicit: 0, pageLoad: 300000, script: 30000}, unhandledPromptBehavior: dismiss and notify, webauthn:extension:largeBlob: true, webauthn:virtualAuthenticators: true}
Session ID: 6f1328ad3afd0c68f33c060ebefeb7cc
*** Element info: {Using=css selector, value=input[ng-model='first'}
at java.base/jdk.internal.reflect.NativeConstructorAccessorImpl.newInstance0(Native Method)
at java.base/jdk.internal.reflect.NativeConstructorAccessorImpl.newInstance(NativeConstructorAccessorImpl.java:62)
at java.base/jdk.internal.reflect.DelegatingConstructorAccessorImpl.newInstance(DelegatingConstructorAccessorImpl.java:45)
at java.base/java.lang.reflect.Constructor.newInstance(Constructor.java:490)
at org.openqa.selenium.remote.http.W3CHttpResponseCodec.createException(W3CHttpResponseCodec.java:187)
at org.openqa.selenium.remote.http.W3CHttpResponseCodec.decode(W3CHttpResponseCodec.java:122)
at org.openqa.selenium.remote.http.W3CHttpResponseCodec.decode(W3CHttpResponseCodec.java:49)
at org.openqa.selenium.remote.HttpCommandExecutor.execute(HttpCommandExecutor.java:158)
at org.openqa.selenium.remote.service.DriverCommandExecutor.execute(DriverCommandExecutor.java:83)
at org.openqa.selenium.remote.RemoteWebDriver.execute(RemoteWebDriver.java:552)
at org.openqa.selenium.remote.RemoteWebDriver.findElement(RemoteWebDriver.java:323)
at org.openqa.selenium.remote.RemoteWebDriver.findElementByCssSelector(RemoteWebDriver.java:420)
at org.openqa.selenium.By$ByCssSelector.findElement(By.java:431)
at org.openqa.selenium.remote.RemoteWebDriver.findElement(RemoteWebDriver.java:315)
at org.openqa.selenium.support.pagefactory.DefaultElementLocator.findElement(DefaultElementLocator.java:69)
at org.openqa.selenium.support.pagefactory.internal.LocatingElementHandler.invoke(LocatingElementHandler.java:38)
at com.sun.proxy.$Proxy9.clear(Unknown Source)
at com.selenium.pageobject.TestBase.handleTextBox(TestBase.java:64)
at com.selenium.pageobject_test.Calculator_Test.mulOperation(Calculator_Test.java:81)
at java.base/jdk.internal.reflect.NativeMethodAccessorImpl.invoke0(Native Method)
at java.base/jdk.internal.reflect.NativeMethodAccessorImpl.invoke(NativeMethodAccessorImpl.java:62)
at java.base/jdk.internal.reflect.DelegatingMethodAccessorImpl.invoke(DelegatingMethodAccessorImpl.java:43)
at java.base/java.lang.reflect.Method.invoke(Method.java:566)
at org.testng.internal.MethodInvocationHelper.invokeMethod(MethodInvocationHelper.java:133)
at org.testng.internal.TestInvoker.invokeMethod(TestInvoker.java:598)
at org.testng.internal.TestInvoker.invokeTestMethod(TestInvoker.java:173)
at org.testng.internal.MethodRunner.runInSequence(MethodRunner.java:46)
at org.testng.internal.TestInvoker$MethodInvocationAgent.invoke(TestInvoker.java:824)
at org.testng.internal.TestInvoker.invokeTestMethods(TestInvoker.java:146)
at org.testng.internal.TestMethodWorker.invokeTestMethods(TestMethodWorker.java:146)
at org.testng.internal.TestMethodWorker.run(TestMethodWorker.java:128)
at java.base/java.util.ArrayList.forEach(ArrayList.java:1540)
at org.testng.TestRunner.privateRun(TestRunner.java:794)
at org.testng.TestRunner.run(TestRunner.java:596)
at org.testng.SuiteRunner.runTest(SuiteRunner.java:377)
at org.testng.SuiteRunner.runSequentially(SuiteRunner.java:371)
at org.testng.SuiteRunner.privateRun(SuiteRunner.java:332)
at org.testng.SuiteRunner.run(SuiteRunner.java:276)
at org.testng.SuiteRunnerWorker.runSuite(SuiteRunnerWorker.java:53)
at org.testng.SuiteRunnerWorker.run(SuiteRunnerWorker.java:96)
at org.testng.TestNG.runSuitesSequentially(TestNG.java:1212)
at org.testng.TestNG.runSuitesLocally(TestNG.java:1134)
at org.testng.TestNG.runSuites(TestNG.java:1063)
at org.testng.TestNG.run(TestNG.java:1031)
at org.apache.maven.surefire.testng.TestNGExecutor.run(TestNGExecutor.java:281)
at org.apache.maven.surefire.testng.TestNGXmlTestSuite.execute(TestNGXmlTestSuite.java:75)
at org.apache.maven.surefire.testng.TestNGProvider.invoke(TestNGProvider.java:121)
at org.apache.maven.surefire.booter.ForkedBooter.invokeProviderInSameClassLoader(ForkedBooter.java:290)
at org.apache.maven.surefire.booter.ForkedBooter.runSuitesInProcess(ForkedBooter.java:242)
at org.apache.maven.surefire.booter.ForkedBooter.main(ForkedBooter.java:121)
]]>
            </full-stacktrace>
          </exception> <!-- org.openqa.selenium.WebDriverException -->
          <reporter-output>
          </reporter-output>
        </test-method> <!-- mulOperation -->
        <test-method is-config="true" signature="postCondition()[pri:0, instance:com.selenium.pageobject_test.Calculator_Test@ba54932]" started-at="2021-07-17T10:18:59 IST" name="postCondition" finished-at="2021-07-17T10:18:59 IST" duration-ms="709" status="PASS">
          <reporter-output>
          </reporter-output>
        </test-method> <!-- postCondition -->
      </class> <!-- com.selenium.pageobject_test.Calculator_Test -->
    </test> <!-- Calculator -->
  </suite> <!-- Smoke -->
</testng-results>
